[0.209s] DEBUG:colcon:Command line arguments: ['/home/kyber/miniconda3/bin/colcon', 'build', '--symlink-install', '--cmake-args', '-DCMAKE_BUILD_TYPE=Release']
[0.209s] DEBUG:colcon:Parsed command line arguments: Namespace(log_base=None, log_level=None, verb_name='build', build_base='build', install_base='install', merge_install=False, symlink_install=True, test_result_base=None, continue_on_error=False, executor='parallel', parallel_workers=24, event_handlers=None, ignore_user_meta=False, metas=['./colcon.meta'], base_paths=['.'], packages_ignore=None, packages_ignore_regex=None, paths=None, packages_up_to=None, packages_up_to_regex=None, packages_above=None, packages_above_and_dependencies=None, packages_above_depth=None, packages_select_by_dep=None, packages_skip_by_dep=None, packages_skip_up_to=None, packages_select_build_failed=False, packages_skip_build_finished=False, packages_select_test_failures=False, packages_skip_test_passed=False, packages_select=None, packages_skip=None, packages_select_regex=None, packages_skip_regex=None, packages_start=None, packages_end=None, cmake_args=['-DCMAKE_BUILD_TYPE=Release'], cmake_target=None, cmake_target_skip_unavailable=False, cmake_clean_cache=False, cmake_clean_first=False, cmake_force_configure=False, ament_cmake_args=None, catkin_cmake_args=None, catkin_skip_building_tests=False, verb_parser=<colcon_defaults.argument_parser.defaults.DefaultArgumentsDecorator object at 0x756ba1d58830>, verb_extension=<colcon_core.verb.build.BuildVerb object at 0x756ba1e9b200>, main=<bound method BuildVerb.main of <colcon_core.verb.build.BuildVerb object at 0x756ba1e9b200>>)
[0.275s] Level 1:colcon.colcon_core.package_discovery:discover_packages(colcon_meta) check parameters
[0.275s] Level 1:colcon.colcon_core.package_discovery:discover_packages(recursive) check parameters
[0.275s] Level 1:colcon.colcon_core.package_discovery:discover_packages(ignore) check parameters
[0.275s] Level 1:colcon.colcon_core.package_discovery:discover_packages(path) check parameters
[0.275s] Level 1:colcon.colcon_core.package_discovery:discover_packages(colcon_meta) discover
[0.275s] Level 1:colcon.colcon_core.package_discovery:discover_packages(recursive) discover
[0.275s] INFO:colcon.colcon_core.package_discovery:Crawling recursively for packages in '/home/kyber/dev/mim_data_utils'
[0.275s] Level 1:colcon.colcon_core.package_identification:_identify(.) by extensions ['ignore', 'ignore_ament_install']
[0.276s] Level 1:colcon.colcon_core.package_identification:_identify(.) by extension 'ignore'
[0.276s] Level 1:colcon.colcon_core.package_identification:_identify(.) by extension 'ignore_ament_install'
[0.276s] Level 1:colcon.colcon_core.package_identification:_identify(.) by extensions ['colcon_pkg']
[0.276s] Level 1:colcon.colcon_core.package_identification:_identify(.) by extension 'colcon_pkg'
[0.276s] Level 1:colcon.colcon_core.package_identification:_identify(.) by extensions ['colcon_meta']
[0.276s] Level 1:colcon.colcon_core.package_identification:_identify(.) by extension 'colcon_meta'
[0.276s] Level 1:colcon.colcon_core.package_identification:_identify(.) by extensions ['ros']
[0.276s] Level 1:colcon.colcon_core.package_identification:_identify(.) by extension 'ros'
[0.314s] DEBUG:colcon.colcon_core.package_identification:Package '.' with type 'ros.ament_python' and name 'mim_data_utils'
[0.314s] Level 1:colcon.colcon_core.package_discovery:discover_packages(recursive) using defaults
[0.314s] Level 1:colcon.colcon_core.package_discovery:discover_packages(ignore) discover
[0.314s] Level 1:colcon.colcon_core.package_discovery:discover_packages(ignore) using defaults
[0.314s] Level 1:colcon.colcon_core.package_discovery:discover_packages(path) discover
[0.314s] Level 1:colcon.colcon_core.package_discovery:discover_packages(path) using defaults
[0.339s] Level 5:colcon.colcon_core.verb:set package 'mim_data_utils' build argument 'cmake_args' from command line to '['-DCMAKE_BUILD_TYPE=Release']'
[0.339s] Level 5:colcon.colcon_core.verb:set package 'mim_data_utils' build argument 'cmake_target' from command line to 'None'
[0.339s] Level 5:colcon.colcon_core.verb:set package 'mim_data_utils' build argument 'cmake_target_skip_unavailable' from command line to 'False'
[0.339s] Level 5:colcon.colcon_core.verb:set package 'mim_data_utils' build argument 'cmake_clean_cache' from command line to 'False'
[0.339s] Level 5:colcon.colcon_core.verb:set package 'mim_data_utils' build argument 'cmake_clean_first' from command line to 'False'
[0.339s] Level 5:colcon.colcon_core.verb:set package 'mim_data_utils' build argument 'cmake_force_configure' from command line to 'False'
[0.339s] Level 5:colcon.colcon_core.verb:set package 'mim_data_utils' build argument 'ament_cmake_args' from command line to 'None'
[0.339s] Level 5:colcon.colcon_core.verb:set package 'mim_data_utils' build argument 'catkin_cmake_args' from command line to 'None'
[0.339s] Level 5:colcon.colcon_core.verb:set package 'mim_data_utils' build argument 'catkin_skip_building_tests' from command line to 'False'
[0.339s] DEBUG:colcon.colcon_core.verb:Building package 'mim_data_utils' with the following arguments: {'ament_cmake_args': None, 'build_base': '/home/kyber/dev/mim_data_utils/build/mim_data_utils', 'catkin_cmake_args': None, 'catkin_skip_building_tests': False, 'cmake_args': ['-DCMAKE_BUILD_TYPE=Release'], 'cmake_clean_cache': False, 'cmake_clean_first': False, 'cmake_force_configure': False, 'cmake_target': None, 'cmake_target_skip_unavailable': False, 'install_base': '/home/kyber/dev/mim_data_utils/install/mim_data_utils', 'merge_install': False, 'path': '/home/kyber/dev/mim_data_utils', 'symlink_install': True, 'test_result_base': None}
[0.339s] INFO:colcon.colcon_core.executor:Executing jobs using 'parallel' executor
[0.341s] DEBUG:colcon.colcon_parallel_executor.executor.parallel:run_until_complete
[0.341s] INFO:colcon.colcon_ros.task.ament_python.build:Building ROS package in '/home/kyber/dev/mim_data_utils' with build type 'ament_python'
[0.341s] Level 1:colcon.colcon_core.shell:create_environment_hook('mim_data_utils', 'ament_prefix_path')
[0.345s] INFO:colcon.colcon_core.plugin_system:Skipping extension 'colcon_core.shell.bat': Not used on non-Windows systems
[0.345s] INFO:colcon.colcon_core.shell:Creating environment hook '/home/kyber/dev/mim_data_utils/install/mim_data_utils/share/mim_data_utils/hook/ament_prefix_path.ps1'
[0.346s] INFO:colcon.colcon_core.shell:Creating environment descriptor '/home/kyber/dev/mim_data_utils/install/mim_data_utils/share/mim_data_utils/hook/ament_prefix_path.dsv'
[0.347s] INFO:colcon.colcon_core.shell:Creating environment hook '/home/kyber/dev/mim_data_utils/install/mim_data_utils/share/mim_data_utils/hook/ament_prefix_path.sh'
[0.347s] INFO:colcon.colcon_core.shell:Skip shell extension 'powershell' for command environment: Not usable outside of PowerShell
[0.347s] DEBUG:colcon.colcon_core.shell:Skip shell extension 'dsv' for command environment
[0.558s] INFO:colcon.colcon_core.task.python.build:Building Python package in '/home/kyber/dev/mim_data_utils'
[0.559s] INFO:colcon.colcon_core.shell:Skip shell extension 'powershell' for command environment: Not usable outside of PowerShell
[0.559s] DEBUG:colcon.colcon_core.shell:Skip shell extension 'dsv' for command environment
[1.175s] DEBUG:colcon.colcon_core.event_handler.log_command:Invoking command in '/home/kyber/dev/mim_data_utils/build/mim_data_utils': CONDA_PROMPT_MODIFIER=(base) DEBUGINFOD_URLS=https://debuginfod.ubuntu.com PYTHONPATH=/home/kyber/dev/mim_data_utils/build/mim_data_utils/prefix_override:/home/kyber/miniconda3/lib/python3.12/site-packages/colcon_core/task/python/colcon_distutils_commands:/home/kyber/dev/mim_data_utils/install/mim_data_utils/lib/python3.12/site-packages:${PYTHONPATH} /home/kyber/miniconda3/bin/python -W ignore:setup.py install is deprecated -W ignore:easy_install command is deprecated setup.py develop --editable --build-directory /home/kyber/dev/mim_data_utils/build/mim_data_utils/build --no-deps symlink_data
[2.161s] Level 1:colcon.colcon_core.shell:create_environment_hook('mim_data_utils', 'pythonpath_develop')
[2.161s] DEBUG:colcon.colcon_core.event_handler.log_command:Invoked command in '/home/kyber/dev/mim_data_utils/build/mim_data_utils' returned '0': CONDA_PROMPT_MODIFIER=(base) DEBUGINFOD_URLS=https://debuginfod.ubuntu.com PYTHONPATH=/home/kyber/dev/mim_data_utils/build/mim_data_utils/prefix_override:/home/kyber/miniconda3/lib/python3.12/site-packages/colcon_core/task/python/colcon_distutils_commands:/home/kyber/dev/mim_data_utils/install/mim_data_utils/lib/python3.12/site-packages:${PYTHONPATH} /home/kyber/miniconda3/bin/python -W ignore:setup.py install is deprecated -W ignore:easy_install command is deprecated setup.py develop --editable --build-directory /home/kyber/dev/mim_data_utils/build/mim_data_utils/build --no-deps symlink_data
[2.162s] INFO:colcon.colcon_core.shell:Creating environment hook '/home/kyber/dev/mim_data_utils/build/mim_data_utils/share/mim_data_utils/hook/pythonpath_develop.ps1'
[2.163s] INFO:colcon.colcon_core.shell:Creating environment descriptor '/home/kyber/dev/mim_data_utils/build/mim_data_utils/share/mim_data_utils/hook/pythonpath_develop.dsv'
[2.163s] INFO:colcon.colcon_core.shell:Creating environment hook '/home/kyber/dev/mim_data_utils/build/mim_data_utils/share/mim_data_utils/hook/pythonpath_develop.sh'
[2.170s] Level 1:colcon.colcon_core.environment:checking '/home/kyber/dev/mim_data_utils/install/mim_data_utils' for CMake module files
[2.171s] Level 1:colcon.colcon_core.environment:checking '/home/kyber/dev/mim_data_utils/install/mim_data_utils' for CMake config files
[2.172s] Level 1:colcon.colcon_core.environment:checking '/home/kyber/dev/mim_data_utils/install/mim_data_utils/lib'
[2.172s] Level 1:colcon.colcon_core.environment:checking '/home/kyber/dev/mim_data_utils/install/mim_data_utils/bin'
[2.172s] Level 1:colcon.colcon_core.environment:checking '/home/kyber/dev/mim_data_utils/install/mim_data_utils/lib/pkgconfig/mim_data_utils.pc'
[2.172s] Level 1:colcon.colcon_core.environment:checking '/home/kyber/dev/mim_data_utils/install/mim_data_utils/lib/python3.12/site-packages'
[2.172s] Level 1:colcon.colcon_core.shell:create_environment_hook('mim_data_utils', 'pythonpath')
[2.173s] INFO:colcon.colcon_core.shell:Creating environment hook '/home/kyber/dev/mim_data_utils/install/mim_data_utils/share/mim_data_utils/hook/pythonpath.ps1'
[2.174s] INFO:colcon.colcon_core.shell:Creating environment descriptor '/home/kyber/dev/mim_data_utils/install/mim_data_utils/share/mim_data_utils/hook/pythonpath.dsv'
[2.174s] INFO:colcon.colcon_core.shell:Creating environment hook '/home/kyber/dev/mim_data_utils/install/mim_data_utils/share/mim_data_utils/hook/pythonpath.sh'
[2.175s] Level 1:colcon.colcon_core.environment:checking '/home/kyber/dev/mim_data_utils/install/mim_data_utils/bin'
[2.175s] Level 1:colcon.colcon_core.environment:create_environment_scripts_only(mim_data_utils)
[2.175s] INFO:colcon.colcon_core.shell:Creating package script '/home/kyber/dev/mim_data_utils/install/mim_data_utils/share/mim_data_utils/package.ps1'
[2.177s] INFO:colcon.colcon_core.shell:Creating package descriptor '/home/kyber/dev/mim_data_utils/install/mim_data_utils/share/mim_data_utils/package.dsv'
[2.178s] INFO:colcon.colcon_core.shell:Creating package script '/home/kyber/dev/mim_data_utils/install/mim_data_utils/share/mim_data_utils/package.sh'
[2.179s] INFO:colcon.colcon_core.shell:Creating package script '/home/kyber/dev/mim_data_utils/install/mim_data_utils/share/mim_data_utils/package.bash'
[2.180s] INFO:colcon.colcon_core.shell:Creating package script '/home/kyber/dev/mim_data_utils/install/mim_data_utils/share/mim_data_utils/package.zsh'
[2.181s] Level 1:colcon.colcon_core.environment:create_file_with_runtime_dependencies(/home/kyber/dev/mim_data_utils/install/mim_data_utils/share/colcon-core/packages/mim_data_utils)
[2.182s] DEBUG:colcon.colcon_parallel_executor.executor.parallel:closing loop
[2.182s] DEBUG:colcon.colcon_parallel_executor.executor.parallel:loop closed
[2.182s] DEBUG:colcon.colcon_parallel_executor.executor.parallel:run_until_complete finished with '0'
[2.182s] DEBUG:colcon.colcon_core.event_reactor:joining thread
[2.184s] INFO:colcon.colcon_core.plugin_system:Skipping extension 'colcon_notification.desktop_notification.notify2': 'notify2' not found
[2.184s] INFO:colcon.colcon_core.plugin_system:Skipping extension 'colcon_notification.desktop_notification.terminal_notifier': Not used on non-Darwin systems
[2.184s] INFO:colcon.colcon_core.plugin_system:Skipping extension 'colcon_notification.desktop_notification.win32': Not used on non-Windows systems
[2.184s] INFO:colcon.colcon_notification.desktop_notification:Sending desktop notification using 'notify_send'
[2.221s] DEBUG:colcon.colcon_core.event_reactor:joined thread
[2.222s] INFO:colcon.colcon_core.shell:Creating prefix script '/home/kyber/dev/mim_data_utils/install/local_setup.ps1'
[2.224s] INFO:colcon.colcon_core.shell:Creating prefix util module '/home/kyber/dev/mim_data_utils/install/_local_setup_util_ps1.py'
[2.226s] INFO:colcon.colcon_core.shell:Creating prefix chain script '/home/kyber/dev/mim_data_utils/install/setup.ps1'
[2.228s] INFO:colcon.colcon_core.shell:Creating prefix script '/home/kyber/dev/mim_data_utils/install/local_setup.sh'
[2.229s] INFO:colcon.colcon_core.shell:Creating prefix util module '/home/kyber/dev/mim_data_utils/install/_local_setup_util_sh.py'
[2.230s] INFO:colcon.colcon_core.shell:Creating prefix chain script '/home/kyber/dev/mim_data_utils/install/setup.sh'
[2.231s] INFO:colcon.colcon_core.shell:Creating prefix script '/home/kyber/dev/mim_data_utils/install/local_setup.bash'
[2.232s] INFO:colcon.colcon_core.shell:Creating prefix chain script '/home/kyber/dev/mim_data_utils/install/setup.bash'
[2.234s] INFO:colcon.colcon_core.shell:Creating prefix script '/home/kyber/dev/mim_data_utils/install/local_setup.zsh'
[2.235s] INFO:colcon.colcon_core.shell:Creating prefix chain script '/home/kyber/dev/mim_data_utils/install/setup.zsh'
